  GameState_Asteroids.c
c:\users\shawn_000\desktop\hdat most recent\hdat sound\src\gamestate_asteroids.c(107): warning C4047: 'initializing': 'FMOD_CHANNEL *' differs in levels of indirection from 'int'
c:\users\shawn_000\desktop\hdat most recent\hdat sound\src\gamestate_asteroids.c(108): warning C4047: 'initializing': 'FMOD_CHANNEL *' differs in levels of indirection from 'int'
c:\users\shawn_000\desktop\hdat most recent\hdat sound\src\gamestate_asteroids.c(109): warning C4047: 'initializing': 'FMOD_CHANNEL *' differs in levels of indirection from 'int'
c:\users\shawn_000\desktop\hdat most recent\hdat sound\src\gamestate_asteroids.c(985): warning C4047: 'function': 'FMOD_CHANNEL **' differs in levels of indirection from 'FMOD_CHANNEL *'
c:\users\shawn_000\desktop\hdat most recent\hdat sound\src\gamestate_asteroids.c(985): warning C4024: 'FMOD_System_PlaySound': different types for formal and actual parameter 5
c:\users\shawn_000\desktop\hdat most recent\hdat sound\src\gamestate_asteroids.c(1012): warning C4244: 'function': conversion from 'float' to 'int', possible loss of data
c:\users\shawn_000\desktop\hdat most recent\hdat sound\src\gamestate_asteroids.c(1013): warning C4244: 'function': conversion from 'float' to 'int', possible loss of data
c:\users\shawn_000\desktop\hdat most recent\hdat sound\src\gamestate_asteroids.c(1115): warning C4244: 'function': conversion from 'float' to 'int', possible loss of data
c:\users\shawn_000\desktop\hdat most recent\hdat sound\src\gamestate_asteroids.c(1116): warning C4244: 'function': conversion from 'float' to 'int', possible loss of data
c:\users\shawn_000\desktop\hdat most recent\hdat sound\src\gamestate_asteroids.c(1215): warning C4244: 'function': conversion from 'float' to 'int', possible loss of data
c:\users\shawn_000\desktop\hdat most recent\hdat sound\src\gamestate_asteroids.c(1216): warning C4244: 'function': conversion from 'float' to 'int', possible loss of data
c:\users\shawn_000\desktop\hdat most recent\hdat sound\src\gamestate_asteroids.c(1314): warning C4244: 'function': conversion from 'float' to 'int', possible loss of data
c:\users\shawn_000\desktop\hdat most recent\hdat sound\src\gamestate_asteroids.c(1315): warning C4244: 'function': conversion from 'float' to 'int', possible loss of data
c:\users\shawn_000\desktop\hdat most recent\hdat sound\src\gamestate_asteroids.c(1413): warning C4244: 'function': conversion from 'float' to 'int', possible loss of data
c:\users\shawn_000\desktop\hdat most recent\hdat sound\src\gamestate_asteroids.c(1414): warning C4244: 'function': conversion from 'float' to 'int', possible loss of data
c:\users\shawn_000\desktop\hdat most recent\hdat sound\src\gamestate_asteroids.c(1445): warning C4244: 'function': conversion from 'float' to 'int', possible loss of data
c:\users\shawn_000\desktop\hdat most recent\hdat sound\src\gamestate_asteroids.c(1516): warning C4244: '-=': conversion from 'double' to 'float', possible loss of data
c:\users\shawn_000\desktop\hdat most recent\hdat sound\src\gamestate_asteroids.c(2976): warning C4244: '=': conversion from 'int' to 'float', possible loss of data
c:\users\shawn_000\desktop\hdat most recent\hdat sound\src\gamestate_asteroids.c(2977): warning C4244: '=': conversion from 'int' to 'float', possible loss of data
c:\users\shawn_000\desktop\hdat most recent\hdat sound\src\gamestate_asteroids.c(2979): warning C4244: '=': conversion from 'int' to 'float', possible loss of data
c:\users\shawn_000\desktop\hdat most recent\hdat sound\src\gamestate_asteroids.c(2980): warning C4244: '=': conversion from 'int' to 'float', possible loss of data
c:\users\shawn_000\desktop\hdat most recent\hdat sound\src\gamestate_asteroids.c(2982): warning C4244: '=': conversion from 'int' to 'float', possible loss of data
c:\users\shawn_000\desktop\hdat most recent\hdat sound\src\gamestate_asteroids.c(2983): warning C4244: '=': conversion from 'int' to 'float', possible loss of data
c:\users\shawn_000\desktop\hdat most recent\hdat sound\src\gamestate_asteroids.c(3123): warning C4305: '=': truncation from 'double' to 'float'
c:\users\shawn_000\desktop\hdat most recent\hdat sound\src\gamestate_asteroids.c(3160): warning C4244: '-=': conversion from 'double' to 'float', possible loss of data
c:\users\shawn_000\desktop\hdat most recent\hdat sound\src\gamestate_asteroids.c(3161): warning C4244: '-=': conversion from 'double' to 'float', possible loss of data
c:\users\shawn_000\desktop\hdat most recent\hdat sound\src\gamestate_asteroids.c(3360): warning C4244: '-=': conversion from 'double' to 'float', possible loss of data
c:\users\shawn_000\desktop\hdat most recent\hdat sound\src\gamestate_asteroids.c(3369): warning C4244: '-=': conversion from 'double' to 'float', possible loss of data
c:\users\shawn_000\desktop\hdat most recent\hdat sound\src\gamestate_asteroids.c(3379): warning C4244: '-=': conversion from 'double' to 'float', possible loss of data
c:\users\shawn_000\desktop\hdat most recent\hdat sound\src\gamestate_asteroids.c(3389): warning C4244: '-=': conversion from 'double' to 'float', possible loss of data
c:\users\shawn_000\desktop\hdat most recent\hdat sound\src\gamestate_asteroids.c(3406): warning C4244: '-=': conversion from 'double' to 'float', possible loss of data
c:\users\shawn_000\desktop\hdat most recent\hdat sound\src\gamestate_asteroids.c(3423): warning C4244: '-=': conversion from 'double' to 'float', possible loss of data
c:\users\shawn_000\desktop\hdat most recent\hdat sound\src\gamestate_asteroids.c(3440): warning C4244: '-=': conversion from 'double' to 'float', possible loss of data
c:\users\shawn_000\desktop\hdat most recent\hdat sound\src\gamestate_asteroids.c(3457): warning C4244: '-=': conversion from 'double' to 'float', possible loss of data
c:\users\shawn_000\desktop\hdat most recent\hdat sound\src\gamestate_asteroids.c(3468): warning C4244: '-=': conversion from 'double' to 'float', possible loss of data
c:\users\shawn_000\desktop\hdat most recent\hdat sound\src\gamestate_asteroids.c(3479): warning C4244: '-=': conversion from 'double' to 'float', possible loss of data
c:\users\shawn_000\desktop\hdat most recent\hdat sound\src\gamestate_asteroids.c(3778): warning C4244: '-=': conversion from 'double' to 'float', possible loss of data
c:\users\shawn_000\desktop\hdat most recent\hdat sound\src\gamestate_asteroids.c(4231): warning C4244: 'function': conversion from 'float' to 'int', possible loss of data
c:\users\shawn_000\desktop\hdat most recent\hdat sound\src\gamestate_asteroids.c(4232): warning C4244: 'function': conversion from 'float' to 'int', possible loss of data
c:\users\shawn_000\desktop\hdat most recent\hdat sound\src\gamestate_asteroids.c(4233): warning C4244: 'function': conversion from 'float' to 'int', possible loss of data
c:\users\shawn_000\desktop\hdat most recent\hdat sound\src\gamestate_asteroids.c(4234): warning C4244: 'function': conversion from 'float' to 'int', possible loss of data
c:\users\shawn_000\desktop\hdat most recent\hdat sound\src\gamestate_asteroids.c(4235): warning C4244: 'function': conversion from 'float' to 'int', possible loss of data
c:\users\shawn_000\desktop\hdat most recent\hdat sound\src\gamestate_asteroids.c(4236): warning C4244: 'function': conversion from 'float' to 'int', possible loss of data
c:\users\shawn_000\desktop\hdat most recent\hdat sound\src\gamestate_asteroids.c(4237): warning C4244: 'function': conversion from 'float' to 'int', possible loss of data
c:\users\shawn_000\desktop\hdat most recent\hdat sound\src\gamestate_asteroids.c(4238): warning C4244: 'function': conversion from 'float' to 'int', possible loss of data
c:\users\shawn_000\desktop\hdat most recent\hdat sound\src\gamestate_asteroids.c(4239): warning C4244: 'function': conversion from 'float' to 'int', possible loss of data
c:\users\shawn_000\desktop\hdat most recent\hdat sound\src\gamestate_asteroids.c(4240): warning C4244: 'function': conversion from 'float' to 'int', possible loss of data
c:\users\shawn_000\desktop\hdat most recent\hdat sound\src\gamestate_asteroids.c(4241): warning C4244: 'function': conversion from 'float' to 'int', possible loss of data
c:\users\shawn_000\desktop\hdat most recent\hdat sound\src\gamestate_asteroids.c(4242): warning C4244: 'function': conversion from 'float' to 'int', possible loss of data
c:\users\shawn_000\desktop\hdat most recent\hdat sound\src\gamestate_asteroids.c(4243): warning C4244: 'function': conversion from 'float' to 'int', possible loss of data
c:\users\shawn_000\desktop\hdat most recent\hdat sound\src\gamestate_asteroids.c(4244): warning C4244: 'function': conversion from 'float' to 'int', possible loss of data
c:\users\shawn_000\desktop\hdat most recent\hdat sound\src\gamestate_asteroids.c(4245): warning C4244: 'function': conversion from 'float' to 'int', possible loss of data
c:\users\shawn_000\desktop\hdat most recent\hdat sound\src\gamestate_asteroids.c(4246): warning C4244: 'function': conversion from 'float' to 'int', possible loss of data
c:\users\shawn_000\desktop\hdat most recent\hdat sound\src\gamestate_asteroids.c(4247): warning C4244: 'function': conversion from 'float' to 'int', possible loss of data
c:\users\shawn_000\desktop\hdat most recent\hdat sound\src\gamestate_asteroids.c(4248): warning C4244: 'function': conversion from 'float' to 'int', possible loss of data
c:\users\shawn_000\desktop\hdat most recent\hdat sound\src\gamestate_asteroids.c(4249): warning C4244: 'function': conversion from 'float' to 'int', possible loss of data
c:\users\shawn_000\desktop\hdat most recent\hdat sound\src\gamestate_asteroids.c(4250): warning C4244: 'function': conversion from 'float' to 'int', possible loss of data
c:\users\shawn_000\desktop\hdat most recent\hdat sound\src\gamestate_asteroids.c(4255): warning C4244: 'function': conversion from 'float' to 'int', possible loss of data
c:\users\shawn_000\desktop\hdat most recent\hdat sound\src\gamestate_asteroids.c(4255): warning C4244: 'function': conversion from 'double' to 'int', possible loss of data
c:\users\shawn_000\desktop\hdat most recent\hdat sound\src\gamestate_asteroids.c(4256): warning C4244: 'function': conversion from 'float' to 'int', possible loss of data
c:\users\shawn_000\desktop\hdat most recent\hdat sound\src\gamestate_asteroids.c(4256): warning C4244: 'function': conversion from 'double' to 'int', possible loss of data
c:\users\shawn_000\desktop\hdat most recent\hdat sound\src\gamestate_asteroids.c(4257): warning C4244: 'function': conversion from 'float' to 'int', possible loss of data
c:\users\shawn_000\desktop\hdat most recent\hdat sound\src\gamestate_asteroids.c(4257): warning C4244: 'function': conversion from 'double' to 'int', possible loss of data
c:\users\shawn_000\desktop\hdat most recent\hdat sound\src\gamestate_asteroids.c(4258): warning C4244: 'function': conversion from 'float' to 'int', possible loss of data
c:\users\shawn_000\desktop\hdat most recent\hdat sound\src\gamestate_asteroids.c(4258): warning C4244: 'function': conversion from 'double' to 'int', possible loss of data
c:\users\shawn_000\desktop\hdat most recent\hdat sound\src\gamestate_asteroids.c(4259): warning C4244: 'function': conversion from 'float' to 'int', possible loss of data
c:\users\shawn_000\desktop\hdat most recent\hdat sound\src\gamestate_asteroids.c(4259): warning C4244: 'function': conversion from 'double' to 'int', possible loss of data
c:\users\shawn_000\desktop\hdat most recent\hdat sound\src\gamestate_asteroids.c(4260): warning C4244: 'function': conversion from 'float' to 'int', possible loss of data
c:\users\shawn_000\desktop\hdat most recent\hdat sound\src\gamestate_asteroids.c(4260): warning C4244: 'function': conversion from 'double' to 'int', possible loss of data
c:\users\shawn_000\desktop\hdat most recent\hdat sound\src\gamestate_asteroids.c(4261): warning C4244: 'function': conversion from 'float' to 'int', possible loss of data
c:\users\shawn_000\desktop\hdat most recent\hdat sound\src\gamestate_asteroids.c(4261): warning C4244: 'function': conversion from 'double' to 'int', possible loss of data
c:\users\shawn_000\desktop\hdat most recent\hdat sound\src\gamestate_asteroids.c(4262): warning C4244: 'function': conversion from 'float' to 'int', possible loss of data
c:\users\shawn_000\desktop\hdat most recent\hdat sound\src\gamestate_asteroids.c(4262): warning C4244: 'function': conversion from 'double' to 'int', possible loss of data
c:\users\shawn_000\desktop\hdat most recent\hdat sound\src\gamestate_asteroids.c(4263): warning C4244: 'function': conversion from 'float' to 'int', possible loss of data
c:\users\shawn_000\desktop\hdat most recent\hdat sound\src\gamestate_asteroids.c(4263): warning C4244: 'function': conversion from 'double' to 'int', possible loss of data
c:\users\shawn_000\desktop\hdat most recent\hdat sound\src\gamestate_asteroids.c(4264): warning C4244: 'function': conversion from 'float' to 'int', possible loss of data
c:\users\shawn_000\desktop\hdat most recent\hdat sound\src\gamestate_asteroids.c(4264): warning C4244: 'function': conversion from 'double' to 'int', possible loss of data
c:\users\shawn_000\desktop\hdat most recent\hdat sound\src\gamestate_asteroids.c(4265): warning C4244: 'function': conversion from 'float' to 'int', possible loss of data
c:\users\shawn_000\desktop\hdat most recent\hdat sound\src\gamestate_asteroids.c(4265): warning C4244: 'function': conversion from 'double' to 'int', possible loss of data
c:\users\shawn_000\desktop\hdat most recent\hdat sound\src\gamestate_asteroids.c(4266): warning C4244: 'function': conversion from 'float' to 'int', possible loss of data
c:\users\shawn_000\desktop\hdat most recent\hdat sound\src\gamestate_asteroids.c(4266): warning C4244: 'function': conversion from 'double' to 'int', possible loss of data
c:\users\shawn_000\desktop\hdat most recent\hdat sound\src\gamestate_asteroids.c(4267): warning C4244: 'function': conversion from 'float' to 'int', possible loss of data
c:\users\shawn_000\desktop\hdat most recent\hdat sound\src\gamestate_asteroids.c(4267): warning C4244: 'function': conversion from 'double' to 'int', possible loss of data
c:\users\shawn_000\desktop\hdat most recent\hdat sound\src\gamestate_asteroids.c(4268): warning C4244: 'function': conversion from 'float' to 'int', possible loss of data
c:\users\shawn_000\desktop\hdat most recent\hdat sound\src\gamestate_asteroids.c(4268): warning C4244: 'function': conversion from 'double' to 'int', possible loss of data
c:\users\shawn_000\desktop\hdat most recent\hdat sound\src\gamestate_asteroids.c(4269): warning C4244: 'function': conversion from 'float' to 'int', possible loss of data
c:\users\shawn_000\desktop\hdat most recent\hdat sound\src\gamestate_asteroids.c(4269): warning C4244: 'function': conversion from 'double' to 'int', possible loss of data
c:\users\shawn_000\desktop\hdat most recent\hdat sound\src\gamestate_asteroids.c(4270): warning C4244: 'function': conversion from 'float' to 'int', possible loss of data
c:\users\shawn_000\desktop\hdat most recent\hdat sound\src\gamestate_asteroids.c(4270): warning C4244: 'function': conversion from 'double' to 'int', possible loss of data
c:\users\shawn_000\desktop\hdat most recent\hdat sound\src\gamestate_asteroids.c(4271): warning C4244: 'function': conversion from 'float' to 'int', possible loss of data
c:\users\shawn_000\desktop\hdat most recent\hdat sound\src\gamestate_asteroids.c(4271): warning C4244: 'function': conversion from 'double' to 'int', possible loss of data
c:\users\shawn_000\desktop\hdat most recent\hdat sound\src\gamestate_asteroids.c(4272): warning C4244: 'function': conversion from 'float' to 'int', possible loss of data
c:\users\shawn_000\desktop\hdat most recent\hdat sound\src\gamestate_asteroids.c(4272): warning C4244: 'function': conversion from 'double' to 'int', possible loss of data
c:\users\shawn_000\desktop\hdat most recent\hdat sound\src\gamestate_asteroids.c(4273): warning C4244: 'function': conversion from 'float' to 'int', possible loss of data
c:\users\shawn_000\desktop\hdat most recent\hdat sound\src\gamestate_asteroids.c(4273): warning C4244: 'function': conversion from 'double' to 'int', possible loss of data
c:\users\shawn_000\desktop\hdat most recent\hdat sound\src\gamestate_asteroids.c(4274): warning C4244: 'function': conversion from 'float' to 'int', possible loss of data
c:\users\shawn_000\desktop\hdat most recent\hdat sound\src\gamestate_asteroids.c(4274): warning C4244: 'function': conversion from 'double' to 'int', possible loss of data
c:\users\shawn_000\desktop\hdat most recent\hdat sound\src\gamestate_asteroids.c(4279): warning C4244: 'function': conversion from 'float' to 'int', possible loss of data
c:\users\shawn_000\desktop\hdat most recent\hdat sound\src\gamestate_asteroids.c(4279): warning C4244: 'function': conversion from 'double' to 'int', possible loss of data
c:\users\shawn_000\desktop\hdat most recent\hdat sound\src\gamestate_asteroids.c(4280): warning C4244: 'function': conversion from 'float' to 'int', possible loss of data
c:\users\shawn_000\desktop\hdat most recent\hdat sound\src\gamestate_asteroids.c(4280): warning C4244: 'function': conversion from 'double' to 'int', possible loss of data
c:\users\shawn_000\desktop\hdat most recent\hdat sound\src\gamestate_asteroids.c(4281): warning C4244: 'function': conversion from 'float' to 'int', possible loss of data
c:\users\shawn_000\desktop\hdat most recent\hdat sound\src\gamestate_asteroids.c(4281): warning C4244: 'function': conversion from 'double' to 'int', possible loss of data
c:\users\shawn_000\desktop\hdat most recent\hdat sound\src\gamestate_asteroids.c(4282): warning C4244: 'function': conversion from 'float' to 'int', possible loss of data
c:\users\shawn_000\desktop\hdat most recent\hdat sound\src\gamestate_asteroids.c(4282): warning C4244: 'function': conversion from 'double' to 'int', possible loss of data
c:\users\shawn_000\desktop\hdat most recent\hdat sound\src\gamestate_asteroids.c(4283): warning C4244: 'function': conversion from 'float' to 'int', possible loss of data
c:\users\shawn_000\desktop\hdat most recent\hdat sound\src\gamestate_asteroids.c(4283): warning C4244: 'function': conversion from 'double' to 'int', possible loss of data
c:\users\shawn_000\desktop\hdat most recent\hdat sound\src\gamestate_asteroids.c(4284): warning C4244: 'function': conversion from 'float' to 'int', possible loss of data
c:\users\shawn_000\desktop\hdat most recent\hdat sound\src\gamestate_asteroids.c(4284): warning C4244: 'function': conversion from 'double' to 'int', possible loss of data
c:\users\shawn_000\desktop\hdat most recent\hdat sound\src\gamestate_asteroids.c(4285): warning C4244: 'function': conversion from 'float' to 'int', possible loss of data
c:\users\shawn_000\desktop\hdat most recent\hdat sound\src\gamestate_asteroids.c(4285): warning C4244: 'function': conversion from 'double' to 'int', possible loss of data
c:\users\shawn_000\desktop\hdat most recent\hdat sound\src\gamestate_asteroids.c(4286): warning C4244: 'function': conversion from 'float' to 'int', possible loss of data
c:\users\shawn_000\desktop\hdat most recent\hdat sound\src\gamestate_asteroids.c(4286): warning C4244: 'function': conversion from 'double' to 'int', possible loss of data
c:\users\shawn_000\desktop\hdat most recent\hdat sound\src\gamestate_asteroids.c(4287): warning C4244: 'function': conversion from 'float' to 'int', possible loss of data
c:\users\shawn_000\desktop\hdat most recent\hdat sound\src\gamestate_asteroids.c(4287): warning C4244: 'function': conversion from 'double' to 'int', possible loss of data
c:\users\shawn_000\desktop\hdat most recent\hdat sound\src\gamestate_asteroids.c(4288): warning C4244: 'function': conversion from 'float' to 'int', possible loss of data
c:\users\shawn_000\desktop\hdat most recent\hdat sound\src\gamestate_asteroids.c(4288): warning C4244: 'function': conversion from 'double' to 'int', possible loss of data
c:\users\shawn_000\desktop\hdat most recent\hdat sound\src\gamestate_asteroids.c(4289): warning C4244: 'function': conversion from 'float' to 'int', possible loss of data
c:\users\shawn_000\desktop\hdat most recent\hdat sound\src\gamestate_asteroids.c(4289): warning C4244: 'function': conversion from 'double' to 'int', possible loss of data
c:\users\shawn_000\desktop\hdat most recent\hdat sound\src\gamestate_asteroids.c(4290): warning C4244: 'function': conversion from 'float' to 'int', possible loss of data
c:\users\shawn_000\desktop\hdat most recent\hdat sound\src\gamestate_asteroids.c(4290): warning C4244: 'function': conversion from 'double' to 'int', possible loss of data
c:\users\shawn_000\desktop\hdat most recent\hdat sound\src\gamestate_asteroids.c(4291): warning C4244: 'function': conversion from 'float' to 'int', possible loss of data
c:\users\shawn_000\desktop\hdat most recent\hdat sound\src\gamestate_asteroids.c(4291): warning C4244: 'function': conversion from 'double' to 'int', possible loss of data
c:\users\shawn_000\desktop\hdat most recent\hdat sound\src\gamestate_asteroids.c(4292): warning C4244: 'function': conversion from 'float' to 'int', possible loss of data
c:\users\shawn_000\desktop\hdat most recent\hdat sound\src\gamestate_asteroids.c(4292): warning C4244: 'function': conversion from 'double' to 'int', possible loss of data
c:\users\shawn_000\desktop\hdat most recent\hdat sound\src\gamestate_asteroids.c(4293): warning C4244: 'function': conversion from 'float' to 'int', possible loss of data
c:\users\shawn_000\desktop\hdat most recent\hdat sound\src\gamestate_asteroids.c(4293): warning C4244: 'function': conversion from 'double' to 'int', possible loss of data
c:\users\shawn_000\desktop\hdat most recent\hdat sound\src\gamestate_asteroids.c(4294): warning C4244: 'function': conversion from 'float' to 'int', possible loss of data
c:\users\shawn_000\desktop\hdat most recent\hdat sound\src\gamestate_asteroids.c(4294): warning C4244: 'function': conversion from 'double' to 'int', possible loss of data
c:\users\shawn_000\desktop\hdat most recent\hdat sound\src\gamestate_asteroids.c(4295): warning C4244: 'function': conversion from 'float' to 'int', possible loss of data
c:\users\shawn_000\desktop\hdat most recent\hdat sound\src\gamestate_asteroids.c(4295): warning C4244: 'function': conversion from 'double' to 'int', possible loss of data
c:\users\shawn_000\desktop\hdat most recent\hdat sound\src\gamestate_asteroids.c(4296): warning C4244: 'function': conversion from 'float' to 'int', possible loss of data
c:\users\shawn_000\desktop\hdat most recent\hdat sound\src\gamestate_asteroids.c(4296): warning C4244: 'function': conversion from 'double' to 'int', possible loss of data
c:\users\shawn_000\desktop\hdat most recent\hdat sound\src\gamestate_asteroids.c(4297): warning C4244: 'function': conversion from 'float' to 'int', possible loss of data
c:\users\shawn_000\desktop\hdat most recent\hdat sound\src\gamestate_asteroids.c(4297): warning C4244: 'function': conversion from 'double' to 'int', possible loss of data
c:\users\shawn_000\desktop\hdat most recent\hdat sound\src\gamestate_asteroids.c(4298): warning C4244: 'function': conversion from 'float' to 'int', possible loss of data
c:\users\shawn_000\desktop\hdat most recent\hdat sound\src\gamestate_asteroids.c(4298): warning C4244: 'function': conversion from 'double' to 'int', possible loss of data
c:\users\shawn_000\desktop\hdat most recent\hdat sound\src\gamestate_asteroids.c(4314): warning C4244: 'function': conversion from 'float' to 'int', possible loss of data
c:\users\shawn_000\desktop\hdat most recent\hdat sound\src\gamestate_asteroids.c(4315): warning C4244: 'function': conversion from 'float' to 'int', possible loss of data
c:\users\shawn_000\desktop\hdat most recent\hdat sound\src\gamestate_asteroids.c(4316): warning C4244: 'function': conversion from 'float' to 'int', possible loss of data
  CS230_Asteroids.vcxproj -> C:\Users\shawn_000\Desktop\HDAT MOST RECENT\HDAT sound\Debug\CS230_Asteroids.exe
