c:\users\m.amro\desktop\alpha\hdat.sound\hdat sound\debug\vc140.pdb
c:\users\m.amro\desktop\alpha\hdat.sound\hdat sound\debug\vc140.idb
c:\users\m.amro\desktop\alpha\hdat.sound\hdat sound\debug\math2d.obj
c:\users\m.amro\desktop\alpha\hdat.sound\hdat sound\debug\matrix2d.obj
c:\users\m.amro\desktop\alpha\hdat.sound\hdat sound\debug\enemyloader.obj
c:\users\m.amro\desktop\alpha\hdat.sound\hdat sound\debug\gamestatemgr.obj
c:\users\m.amro\desktop\alpha\hdat.sound\hdat sound\debug\gamestate_asteroids.obj
c:\users\m.amro\desktop\alpha\hdat.sound\hdat sound\debug\main.obj
c:\users\m.amro\desktop\alpha\hdat.sound\hdat sound\debug\timerutility.obj
c:\users\m.amro\desktop\alpha\hdat.sound\hdat sound\debug\vector2d.obj
c:\users\m.amro\desktop\alpha\hdat.sound\hdat sound\debug\cs230_asteroids.ilk
c:\users\m.amro\desktop\alpha\hdat.sound\hdat sound\debug\cs230_asteroids.exe
c:\users\m.amro\desktop\alpha\hdat.sound\hdat sound\debug\cs230_asteroids.pdb
c:\users\m.amro\desktop\alpha\hdat.sound\hdat sound\debug\nativecodeanalysis.read.1.tlog
c:\users\m.amro\desktop\alpha\hdat.sound\hdat sound\debug\enemyloader.nativecodeanalysis.xml
c:\users\m.amro\desktop\alpha\hdat.sound\hdat sound\debug\gamestatemgr.nativecodeanalysis.xml
c:\users\m.amro\desktop\alpha\hdat.sound\hdat sound\debug\gamestate_asteroids.nativecodeanalysis.xml
c:\users\m.amro\desktop\alpha\hdat.sound\hdat sound\debug\main.nativecodeanalysis.xml
c:\users\m.amro\desktop\alpha\hdat.sound\hdat sound\debug\math2d.nativecodeanalysis.xml
c:\users\m.amro\desktop\alpha\hdat.sound\hdat sound\debug\matrix2d.nativecodeanalysis.xml
c:\users\m.amro\desktop\alpha\hdat.sound\hdat sound\debug\timerutility.nativecodeanalysis.xml
c:\users\m.amro\desktop\alpha\hdat.sound\hdat sound\debug\vc.nativecodeanalysis.all.xml
c:\users\m.amro\desktop\alpha\hdat.sound\hdat sound\debug\vector2d.nativecodeanalysis.xml
c:\users\m.amro\desktop\alpha\hdat.sound\hdat sound\debug\cs230_asteroids.tlog\cl.command.1.tlog
c:\users\m.amro\desktop\alpha\hdat.sound\hdat sound\debug\cs230_asteroids.tlog\cl.read.1.tlog
c:\users\m.amro\desktop\alpha\hdat.sound\hdat sound\debug\cs230_asteroids.tlog\cl.write.1.tlog
c:\users\m.amro\desktop\alpha\hdat.sound\hdat sound\debug\cs230_asteroids.tlog\link.command.1.tlog
c:\users\m.amro\desktop\alpha\hdat.sound\hdat sound\debug\cs230_asteroids.tlog\link.read.1.tlog
c:\users\m.amro\desktop\alpha\hdat.sound\hdat sound\debug\cs230_asteroids.tlog\link.write.1.tlog
